<?xml version="1.0" encoding="UTF-8"?>
<testsuite xmlns:xsi="http://www.w3.org/2001/XMLSchema-instance" xsi:noNamespaceSchemaLocation="https://maven.apache.org/surefire/maven-surefire-plugin/xsd/surefire-test-report-3.0.xsd" version="3.0" name="com.example.filmStreaming.FilmStreamingApplicationTests" time="3.936" tests="1" errors="0" skipped="0" failures="0">
  <properties>
[...]
</properties>
  <testcase name="contextLoads" classname="com.example.filmStreaming.FilmStreamingApplicationTests" time="0.333">
    <system-out><![CDATA[12:07:58.473 [main] INFO org.springframework.test.context.support.AnnotationConfigContextLoaderUtils -- Could not detect default configuration classes for test class [com.example.filmStreaming.FilmStreamingApplicationTests]: FilmStreamingApplicationTests does not declare any static, non-private, non-final, nested classes annotated with @Configuration.
12:07:58.565 [main] INFO org.springframework.boot.test.context.SpringBootTestContextBootstrapper -- Found @SpringBootConfiguration com.example.filmStreaming.FilmStreamingApplication for test class com.example.filmStreaming.FilmStreamingApplicationTests

  .   ____          _            __ _ _
 /\\ / ___'_ __ _ _(_)_ __  __ _ \ \ \ \
( ( )\___ | '_ | '_| | '_ \/ _` | \ \ \ \
 \\/  ___)| |_)| | | | | || (_| |  ) ) ) )
  '  |____| .__|_| |_|_| |_\__, | / / / /
 =========|_|==============|___/=/_/_/_/
 :: Spring Boot ::                (v3.2.3)

2024-06-09T12:07:58.787+07:00  INFO 3519 --- [filmStreaming] [           main] c.e.f.FilmStreamingApplicationTests      : Starting FilmStreamingApplicationTests using Java 21.0.3 with PID 3519 (started by wh1t3sh4d0w in /home/wh1t3sh4d0w/Desktop/Netflop/filmStreaming/filmStreaming)
2024-06-09T12:07:58.788+07:00  INFO 3519 --- [filmStreaming] [           main] c.e.f.FilmStreamingApplicationTests      : No active profile set, falling back to 1 default profile: "default"
2024-06-09T12:07:59.203+07:00  INFO 3519 --- [filmStreaming] [           main] .s.d.r.c.RepositoryConfigurationDelegate : Bootstrapping Spring Data JPA repositories in DEFAULT mode.
2024-06-09T12:07:59.287+07:00  INFO 3519 --- [filmStreaming] [           main] .s.d.r.c.RepositoryConfigurationDelegate : Finished Spring Data repository scanning in 79 ms. Found 2 JPA repository interfaces.
2024-06-09T12:07:59.361+07:00  INFO 3519 --- [filmStreaming] [           main] faultConfiguringBeanFactoryPostProcessor : No bean named 'errorChannel' has been explicitly defined. Therefore, a default PublishSubscribeChannel will be created.
2024-06-09T12:07:59.367+07:00  INFO 3519 --- [filmStreaming] [           main] faultConfiguringBeanFactoryPostProcessor : No bean named 'integrationHeaderChannelRegistry' has been explicitly defined. Therefore, a default DefaultHeaderChannelRegistry will be created.
2024-06-09T12:07:59.667+07:00  INFO 3519 --- [filmStreaming] [           main] o.hibernate.jpa.internal.util.LogHelper  : HHH000204: Processing PersistenceUnitInfo [name: default]
2024-06-09T12:07:59.705+07:00  INFO 3519 --- [filmStreaming] [           main] org.hibernate.Version                    : HHH000412: Hibernate ORM core version 6.4.4.Final
2024-06-09T12:07:59.728+07:00  INFO 3519 --- [filmStreaming] [           main] o.h.c.internal.RegionFactoryInitiator    : HHH000026: Second-level cache disabled
2024-06-09T12:07:59.879+07:00  INFO 3519 --- [filmStreaming] [           main] o.s.o.j.p.SpringPersistenceUnitInfo      : No LoadTimeWeaver setup: ignoring JPA class transformer
2024-06-09T12:07:59.897+07:00  INFO 3519 --- [filmStreaming] [           main] com.zaxxer.hikari.HikariDataSource       : HikariPool-1 - Starting...
2024-06-09T12:08:00.134+07:00  INFO 3519 --- [filmStreaming] [           main] com.zaxxer.hikari.pool.HikariPool        : HikariPool-1 - Added connection org.postgresql.jdbc.PgConnection@5d37aa0f
2024-06-09T12:08:00.135+07:00  INFO 3519 --- [filmStreaming] [           main] com.zaxxer.hikari.HikariDataSource       : HikariPool-1 - Start completed.
2024-06-09T12:08:00.160+07:00  WARN 3519 --- [filmStreaming] [           main] org.hibernate.orm.deprecation            : HHH90000025: PostgreSQLDialect does not need to be specified explicitly using 'hibernate.dialect' (remove the property setting and it will be selected by default)
2024-06-09T12:08:00.615+07:00  INFO 3519 --- [filmStreaming] [           main] o.h.e.t.j.p.i.JtaPlatformInitiator       : HHH000489: No JTA platform available (set 'hibernate.transaction.jta.platform' to enable JTA platform integration)
2024-06-09T12:08:00.652+07:00  INFO 3519 --- [filmStreaming] [           main] j.LocalContainerEntityManagerFactoryBean : Initialized JPA EntityManagerFactory for persistence unit 'default'
2024-06-09T12:08:00.917+07:00  INFO 3519 --- [filmStreaming] [           main] o.s.d.j.r.query.QueryEnhancerFactory     : Hibernate is in classpath; If applicable, HQL parser will be used.
2024-06-09T12:08:01.532+07:00  INFO 3519 --- [filmStreaming] [           main] o.s.s.web.DefaultSecurityFilterChain     : Will secure any request with [org.springframework.security.web.session.DisableEncodeUrlFilter@5180f430, org.springframework.security.web.context.request.async.WebAsyncManagerIntegrationFilter@4e7d77ec, org.springframework.security.web.context.SecurityContextHolderFilter@93fb20b, org.springframework.security.web.header.HeaderWriterFilter@37672aa7, org.springframework.web.filter.CorsFilter@786e2c5e, org.springframework.security.web.authentication.logout.LogoutFilter@18ac2dfe, com.example.filmStreaming.config.JWTAuthFilter@551725e4, org.springframework.security.web.savedrequest.RequestCacheAwareFilter@3435b6d8, org.springframework.security.web.servletapi.SecurityContextHolderAwareRequestFilter@13553828, org.springframework.security.web.authentication.AnonymousAuthenticationFilter@75452b01, org.springframework.security.web.session.SessionManagementFilter@1147a8de, org.springframework.security.web.access.ExceptionTranslationFilter@17c0d43c, org.springframework.security.web.access.intercept.AuthorizationFilter@4d7a4317]
2024-06-09T12:08:01.869+07:00  INFO 3519 --- [filmStreaming] [           main] o.s.i.endpoint.EventDrivenConsumer       : Adding {logging-channel-adapter:_org.springframework.integration.errorLogger} as a subscriber to the 'errorChannel' channel
2024-06-09T12:08:01.869+07:00  INFO 3519 --- [filmStreaming] [           main] o.s.i.channel.PublishSubscribeChannel    : Channel 'filmStreaming.errorChannel' has 1 subscriber(s).
2024-06-09T12:08:01.869+07:00  INFO 3519 --- [filmStreaming] [           main] o.s.i.endpoint.EventDrivenConsumer       : started bean '_org.springframework.integration.errorLogger'
2024-06-09T12:08:01.877+07:00  INFO 3519 --- [filmStreaming] [           main] c.e.f.FilmStreamingApplicationTests      : Started FilmStreamingApplicationTests in 3.23 seconds (process running for 3.83)
]]></system-out>
    <system-err><![CDATA[WARNING: A Java agent has been loaded dynamically (/home/wh1t3sh4d0w/.m2/repository/net/bytebuddy/byte-buddy-agent/1.14.12/byte-buddy-agent-1.14.12.jar)
WARNING: If a serviceability tool is in use, please run with -XX:+EnableDynamicAgentLoading to hide this warning
WARNING: If a serviceability tool is not in use, please run with -Djdk.instrument.traceUsage for more information
WARNING: Dynamic loading of agents will be disallowed by default in a future release
]]></system-err>
  </testcase>
</testsuite>