<?xml version="1.0" encoding="UTF-8"?>
<testsuite xmlns:xsi="http://www.w3.org/2001/XMLSchema-instance" xsi:noNamespaceSchemaLocation="https://maven.apache.org/surefire/maven-surefire-plugin/xsd/surefire-test-report-3.0.xsd" version="3.0" name="com.example.filmStreaming.FilmStreamingApplicationTests" time="3.977" tests="1" errors="0" skipped="0" failures="0">
  <properties>
[...]
</properties>
  <testcase name="contextLoads" classname="com.example.filmStreaming.FilmStreamingApplicationTests" time="0.312">
    <system-out><![CDATA[14:47:13.901 [main] INFO org.springframework.test.context.support.AnnotationConfigContextLoaderUtils -- Could not detect default configuration classes for test class [com.example.filmStreaming.FilmStreamingApplicationTests]: FilmStreamingApplicationTests does not declare any static, non-private, non-final, nested classes annotated with @Configuration.
14:47:13.966 [main] INFO org.springframework.boot.test.context.SpringBootTestContextBootstrapper -- Found @SpringBootConfiguration com.example.filmStreaming.FilmStreamingApplication for test class com.example.filmStreaming.FilmStreamingApplicationTests

  .   ____          _            __ _ _
 /\\ / ___'_ __ _ _(_)_ __  __ _ \ \ \ \
( ( )\___ | '_ | '_| | '_ \/ _` | \ \ \ \
 \\/  ___)| |_)| | | | | || (_| |  ) ) ) )
  '  |____| .__|_| |_|_| |_\__, | / / / /
 =========|_|==============|___/=/_/_/_/
 :: Spring Boot ::                (v3.2.3)

2024-04-21T14:47:14.183+07:00  INFO 14719 --- [filmStreaming] [           main] c.e.f.FilmStreamingApplicationTests      : Starting FilmStreamingApplicationTests using Java 21.0.3 with PID 14719 (started by root in /home/wh1t3sh4d0w/Desktop/Netflop/filmStreaming/filmStreaming)
2024-04-21T14:47:14.183+07:00  INFO 14719 --- [filmStreaming] [           main] c.e.f.FilmStreamingApplicationTests      : No active profile set, falling back to 1 default profile: "default"
2024-04-21T14:47:14.607+07:00  INFO 14719 --- [filmStreaming] [           main] .s.d.r.c.RepositoryConfigurationDelegate : Bootstrapping Spring Data JPA repositories in DEFAULT mode.
2024-04-21T14:47:14.685+07:00  INFO 14719 --- [filmStreaming] [           main] .s.d.r.c.RepositoryConfigurationDelegate : Finished Spring Data repository scanning in 74 ms. Found 2 JPA repository interfaces.
2024-04-21T14:47:14.766+07:00  INFO 14719 --- [filmStreaming] [           main] faultConfiguringBeanFactoryPostProcessor : No bean named 'errorChannel' has been explicitly defined. Therefore, a default PublishSubscribeChannel will be created.
2024-04-21T14:47:14.771+07:00  INFO 14719 --- [filmStreaming] [           main] faultConfiguringBeanFactoryPostProcessor : No bean named 'integrationHeaderChannelRegistry' has been explicitly defined. Therefore, a default DefaultHeaderChannelRegistry will be created.
2024-04-21T14:47:15.086+07:00  INFO 14719 --- [filmStreaming] [           main] o.hibernate.jpa.internal.util.LogHelper  : HHH000204: Processing PersistenceUnitInfo [name: default]
2024-04-21T14:47:15.121+07:00  INFO 14719 --- [filmStreaming] [           main] org.hibernate.Version                    : HHH000412: Hibernate ORM core version 6.4.4.Final
2024-04-21T14:47:15.145+07:00  INFO 14719 --- [filmStreaming] [           main] o.h.c.internal.RegionFactoryInitiator    : HHH000026: Second-level cache disabled
2024-04-21T14:47:15.309+07:00  INFO 14719 --- [filmStreaming] [           main] o.s.o.j.p.SpringPersistenceUnitInfo      : No LoadTimeWeaver setup: ignoring JPA class transformer
2024-04-21T14:47:15.326+07:00  INFO 14719 --- [filmStreaming] [           main] com.zaxxer.hikari.HikariDataSource       : HikariPool-1 - Starting...
2024-04-21T14:47:15.565+07:00  INFO 14719 --- [filmStreaming] [           main] com.zaxxer.hikari.pool.HikariPool        : HikariPool-1 - Added connection org.postgresql.jdbc.PgConnection@4f3fec43
2024-04-21T14:47:15.566+07:00  INFO 14719 --- [filmStreaming] [           main] com.zaxxer.hikari.HikariDataSource       : HikariPool-1 - Start completed.
2024-04-21T14:47:15.586+07:00  WARN 14719 --- [filmStreaming] [           main] org.hibernate.orm.deprecation            : HHH90000025: PostgreSQLDialect does not need to be specified explicitly using 'hibernate.dialect' (remove the property setting and it will be selected by default)
2024-04-21T14:47:16.052+07:00  INFO 14719 --- [filmStreaming] [           main] o.h.e.t.j.p.i.JtaPlatformInitiator       : HHH000489: No JTA platform available (set 'hibernate.transaction.jta.platform' to enable JTA platform integration)
2024-04-21T14:47:16.078+07:00  INFO 14719 --- [filmStreaming] [           main] j.LocalContainerEntityManagerFactoryBean : Initialized JPA EntityManagerFactory for persistence unit 'default'
2024-04-21T14:47:16.375+07:00  INFO 14719 --- [filmStreaming] [           main] o.s.d.j.r.query.QueryEnhancerFactory     : Hibernate is in classpath; If applicable, HQL parser will be used.
2024-04-21T14:47:16.667+07:00  INFO 14719 --- [filmStreaming] [           main] net.bramp.ffmpeg.RunProcessFunction      : ffmpeg -version
2024-04-21T14:47:16.728+07:00  WARN 14719 --- [filmStreaming] [           main] JpaBaseConfiguration$JpaWebConfiguration : spring.jpa.open-in-view is enabled by default. Therefore, database queries may be performed during view rendering. Explicitly configure spring.jpa.open-in-view to disable this warning
2024-04-21T14:47:16.956+07:00  INFO 14719 --- [filmStreaming] [           main] o.s.s.web.DefaultSecurityFilterChain     : Will secure any request with [org.springframework.security.web.session.DisableEncodeUrlFilter@65134e6c, org.springframework.security.web.context.request.async.WebAsyncManagerIntegrationFilter@3fd93330, org.springframework.security.web.context.SecurityContextHolderFilter@bce93d3, org.springframework.security.web.header.HeaderWriterFilter@6efd83ac, org.springframework.web.filter.CorsFilter@32ff3c98, org.springframework.security.web.authentication.logout.LogoutFilter@7a3c541e, com.example.filmStreaming.config.JWTAuthFilter@7ec68821, org.springframework.security.web.savedrequest.RequestCacheAwareFilter@4e24db00, org.springframework.security.web.servletapi.SecurityContextHolderAwareRequestFilter@3a02172a, org.springframework.security.web.authentication.AnonymousAuthenticationFilter@5f804b36, org.springframework.security.web.session.SessionManagementFilter@1c11a496, org.springframework.security.web.access.ExceptionTranslationFilter@2d33aa31, org.springframework.security.web.access.intercept.AuthorizationFilter@3edc999f]
2024-04-21T14:47:17.286+07:00  INFO 14719 --- [filmStreaming] [           main] o.s.i.endpoint.EventDrivenConsumer       : Adding {logging-channel-adapter:_org.springframework.integration.errorLogger} as a subscriber to the 'errorChannel' channel
2024-04-21T14:47:17.287+07:00  INFO 14719 --- [filmStreaming] [           main] o.s.i.channel.PublishSubscribeChannel    : Channel 'filmStreaming.errorChannel' has 1 subscriber(s).
2024-04-21T14:47:17.287+07:00  INFO 14719 --- [filmStreaming] [           main] o.s.i.endpoint.EventDrivenConsumer       : started bean '_org.springframework.integration.errorLogger'
2024-04-21T14:47:17.294+07:00  INFO 14719 --- [filmStreaming] [           main] c.e.f.FilmStreamingApplicationTests      : Started FilmStreamingApplicationTests in 3.253 seconds (process running for 3.889)
Hibernate: 
    select
        ou1_0.id,
        ou1_0.email,
        ou1_0.name,
        ou1_0.password,
        ou1_0.role 
    from
        our_users ou1_0 
    where
        ou1_0.email=?
Hibernate: 
    insert 
    into
        our_users
        (email, name, password, role) 
    values
        (?, ?, ?, ?)
]]></system-out>
    <system-err><![CDATA[WARNING: A Java agent has been loaded dynamically (/root/.m2/repository/net/bytebuddy/byte-buddy-agent/1.14.12/byte-buddy-agent-1.14.12.jar)
WARNING: If a serviceability tool is in use, please run with -XX:+EnableDynamicAgentLoading to hide this warning
WARNING: If a serviceability tool is not in use, please run with -Djdk.instrument.traceUsage for more information
WARNING: Dynamic loading of agents will be disallowed by default in a future release
]]></system-err>
  </testcase>
</testsuite>